2024-07-22 18:48:36:4836 - [32minfo[39m: [32mServer na porta 3000[39m
2024-07-22 18:49:30:4930 - [32minfo[39m: [32mconectado ao bd[39m
2024-07-22 18:49:30:4930 - [32minfo[39m: [32mServer na porta 3000[39m
2024-07-22 18:49:52:4952 - [32minfo[39m: [32mconectado ao bd[39m
2024-07-22 18:49:52:4952 - [32minfo[39m: [32mServer na porta 3000[39m
2024-07-22 18:50:48:5048 - [32minfo[39m: [32mconectado ao bd[39m
2024-07-22 18:50:48:5048 - [32minfo[39m: [32mServer na porta 3000[39m
2024-07-22 18:54:59:5459 - [32minfo[39m: [32mconectado ao bd[39m
2024-07-22 18:54:59:5459 - [32minfo[39m: [32mServer na porta 3000[39m
2024-07-22 18:59:51:5951 - [32minfo[39m: [32mconectado ao bd[39m
2024-07-22 18:59:51:5951 - [32minfo[39m: [32mServer na porta 3000[39m
2024-07-22 19:00:06:06 - [32minfo[39m: [32mconectado ao bd[39m
2024-07-22 19:00:06:06 - [32minfo[39m: [32mServer na porta 3000[39m
2024-07-22 19:00:29:029 - [32minfo[39m: [32mconectado ao bd[39m
2024-07-22 19:00:29:029 - [32minfo[39m: [32mServer na porta 3000[39m
2024-07-22 19:00:31:031 - [35mhttp[39m: [35mGET /v1/ping 304 - - 2.315 ms [39m
[35m[39m
2024-07-22 19:00:31:031 - [35mhttp[39m: [35mGET /favicon.ico 404 - - 1.904 ms [39m
[35m[39m
2024-07-22 19:00:41:041 - [35mhttp[39m: [35mGET /v1/ping 304 - - 0.635 ms [39m
[35m[39m
2024-07-22 19:01:35:135 - [35mhttp[39m: [35mGET /v1/ping 200 - - 0.299 ms [39m
[35m[39m
2024-07-22 19:01:41:141 - [35mhttp[39m: [35mGET /v1/ping 200 - - 0.300 ms [39m
[35m[39m
2024-07-22 19:09:35:935 - [32minfo[39m: [32mconectado ao bd[39m
2024-07-22 19:09:35:935 - [32minfo[39m: [32mServer na porta 3000[39m
2024-07-22 19:09:42:942 - [32minfo[39m: [32mconectado ao bd[39m
2024-07-22 19:09:42:942 - [32minfo[39m: [32mServer na porta 3000[39m
2024-07-22 19:09:50:950 - [35mhttp[39m: [35mPOST /v1/ping 404 - - 3.029 ms [39m
[35m[39m
2024-07-22 19:09:55:955 - [35mhttp[39m: [35mPOST /v1/movie 200 - - 1.910 ms [39m
[35m[39m
2024-07-23 01:16:41:1641 - [32minfo[39m: [32mconectado ao bd[39m
2024-07-23 01:16:41:1641 - [32minfo[39m: [32mServer na porta 3000[39m
2024-07-23 01:16:55:1655 - [32minfo[39m: [32mconectado ao bd[39m
2024-07-23 01:16:55:1655 - [32minfo[39m: [32mServer na porta 3000[39m
2024-07-23 01:17:13:1713 - [32minfo[39m: [32mconectado ao bd[39m
2024-07-23 01:17:13:1713 - [32minfo[39m: [32mServer na porta 3000[39m
2024-07-23 01:17:38:1738 - [32minfo[39m: [32mconectado ao bd[39m
2024-07-23 01:17:38:1738 - [32minfo[39m: [32mServer na porta 3000[39m
2024-07-23 01:18:16:1816 - [32minfo[39m: [32mconectado ao bd[39m
2024-07-23 01:18:16:1816 - [32minfo[39m: [32mServer na porta 3000[39m
2024-07-23 01:18:34:1834 - [32minfo[39m: [32mconectado ao bd[39m
2024-07-23 01:18:34:1834 - [32minfo[39m: [32mServer na porta 3000[39m
2024-07-23 01:18:57:1857 - [35mhttp[39m: [35mPOST /v1/movie 201 - - 35.128 ms [39m
[35m[39m
2024-07-23 01:30:00:300 - [32minfo[39m: [32mconectado ao bd[39m
2024-07-23 01:30:00:300 - [32minfo[39m: [32mServer na porta 3000[39m
2024-07-23 01:30:15:3015 - [32minfo[39m: [32mconectado ao bd[39m
2024-07-23 01:30:15:3015 - [32minfo[39m: [32mServer na porta 3000[39m
2024-07-23 01:30:17:3017 - [35mhttp[39m: [35mPOST /v1/movie 201 - - 39.623 ms [39m
[35m[39m
2024-07-23 01:30:27:3027 - [32minfo[39m: [32mconectado ao bd[39m
2024-07-23 01:30:27:3027 - [32minfo[39m: [32mServer na porta 3000[39m
2024-07-23 01:30:27:3027 - [35mhttp[39m: [35mPOST /v1/movie 201 - - 2543.873 ms [39m
[35m[39m
2024-07-23 01:30:53:3053 - [35mhttp[39m: [35mPOST /v1/movie 201 - - 23.931 ms [39m
[35m[39m
2024-07-23 01:34:07:347 - [32minfo[39m: [32mconectado ao bd[39m
2024-07-23 01:34:07:347 - [32minfo[39m: [32mServer na porta 3000[39m
2024-07-23 01:34:29:3429 - [35mhttp[39m: [35mPOST /v1/movie - - - - ms [39m
[35m[39m
2024-07-23 01:34:40:3440 - [32minfo[39m: [32mconectado ao bd[39m
2024-07-23 01:34:40:3440 - [32minfo[39m: [32mServer na porta 3000[39m
2024-07-23 01:34:48:3448 - [35mhttp[39m: [35mPOST /v1/movie 422 - - 5.031 ms [39m
[35m[39m
2024-07-23 01:34:53:3453 - [35mhttp[39m: [35mPOST /v1/movie 201 - - 35.000 ms [39m
[35m[39m
2024-07-23 01:34:59:3459 - [35mhttp[39m: [35mPOST /v1/movie 422 - - 0.517 ms [39m
[35m[39m
2024-07-23 01:35:17:3517 - [35mhttp[39m: [35mPOST /v1/movie 422 - - 0.514 ms [39m
[35m[39m
2024-07-23 01:37:25:3725 - [32minfo[39m: [32mconectado ao bd[39m
2024-07-23 01:37:25:3725 - [32minfo[39m: [32mServer na porta 3000[39m
2024-07-23 01:38:41:3841 - [32minfo[39m: [32mconectado ao bd[39m
2024-07-23 01:38:41:3841 - [32minfo[39m: [32mServer na porta 3000[39m
2024-07-23 01:41:54:4154 - [35mhttp[39m: [35mPOST /v1/movie 422 - - 4.919 ms [39m
[35m[39m
2024-07-23 01:44:32:4432 - [32minfo[39m: [32mconectado ao bd[39m
2024-07-23 01:44:32:4432 - [32minfo[39m: [32mServer na porta 3000[39m
2024-07-23 01:45:08:458 - [35mhttp[39m: [35mPOST /v1/movie 422 - - 5.373 ms [39m
[35m[39m
2024-07-23 01:45:08:458 - [32minfo[39m: [32mconectado ao bd[39m
2024-07-23 01:45:08:458 - [32minfo[39m: [32mServer na porta 3000[39m
2024-07-23 01:45:42:4542 - [32minfo[39m: [32mconectado ao bd[39m
2024-07-23 01:45:42:4542 - [32minfo[39m: [32mServer na porta 3000[39m
2024-07-23 01:45:49:4549 - [32minfo[39m: [32mconectado ao bd[39m
2024-07-23 01:45:49:4549 - [32minfo[39m: [32mServer na porta 3000[39m
2024-07-23 01:46:07:467 - [32minfo[39m: [32mconectado ao bd[39m
2024-07-23 01:46:07:467 - [32minfo[39m: [32mServer na porta 3000[39m
2024-07-23 01:46:18:4618 - [32minfo[39m: [32mconectado ao bd[39m
2024-07-23 01:46:18:4618 - [32minfo[39m: [32mServer na porta 3000[39m
2024-07-23 01:46:55:4655 - [32minfo[39m: [32mconectado ao bd[39m
2024-07-23 01:46:55:4655 - [32minfo[39m: [32mServer na porta 3000[39m
2024-07-23 01:47:14:4714 - [32minfo[39m: [32mconectado ao bd[39m
2024-07-23 01:47:14:4714 - [32minfo[39m: [32mServer na porta 3000[39m
2024-07-23 01:47:25:4725 - [32minfo[39m: [32mconectado ao bd[39m
2024-07-23 01:47:25:4725 - [32minfo[39m: [32mServer na porta 3000[39m
2024-07-23 01:49:03:493 - [32minfo[39m: [32mconectado ao bd[39m
2024-07-23 01:49:03:493 - [32minfo[39m: [32mServer na porta 3000[39m
2024-07-23 01:49:14:4914 - [32minfo[39m: [32mconectado ao bd[39m
2024-07-23 01:49:14:4914 - [32minfo[39m: [32mServer na porta 3000[39m
2024-07-23 01:49:57:4957 - [32minfo[39m: [32mconectado ao bd[39m
2024-07-23 01:49:57:4957 - [32minfo[39m: [32mServer na porta 3000[39m
2024-07-23 01:56:04:564 - [32minfo[39m: [32mconectado ao bd[39m
2024-07-23 01:56:04:564 - [32minfo[39m: [32mServer na porta 3000[39m
2024-07-23 01:56:20:5620 - [32minfo[39m: [32mconectado ao bd[39m
2024-07-23 01:56:20:5620 - [32minfo[39m: [32mServer na porta 3000[39m
2024-07-23 01:56:29:5629 - [32minfo[39m: [32mconectado ao bd[39m
2024-07-23 01:56:29:5629 - [32minfo[39m: [32mServer na porta 3000[39m
2024-07-23 01:56:40:5640 - [32minfo[39m: [32mconectado ao bd[39m
2024-07-23 01:56:40:5640 - [32minfo[39m: [32mServer na porta 3000[39m
2024-07-23 01:56:53:5653 - [32minfo[39m: [32mconectado ao bd[39m
2024-07-23 01:56:53:5653 - [32minfo[39m: [32mServer na porta 3000[39m
2024-07-23 01:57:31:5731 - [32minfo[39m: [32mconectado ao bd[39m
2024-07-23 01:57:31:5731 - [32minfo[39m: [32mServer na porta 3000[39m
2024-07-23 01:57:59:5759 - [32minfo[39m: [32mconectado ao bd[39m
2024-07-23 01:57:59:5759 - [32minfo[39m: [32mServer na porta 3000[39m
2024-07-23 01:58:12:5812 - [32minfo[39m: [32mconectado ao bd[39m
2024-07-23 01:58:12:5812 - [32minfo[39m: [32mServer na porta 3000[39m
2024-07-23 01:59:25:5925 - [35mhttp[39m: [35mPOST /v1/movie 422 - - 5.496 ms [39m
[35m[39m
2024-07-23 01:59:25:5925 - [32minfo[39m: [32mconectado ao bd[39m
2024-07-23 01:59:25:5925 - [32minfo[39m: [32mServer na porta 3000[39m
2024-07-23 01:59:43:5943 - [32minfo[39m: [32mconectado ao bd[39m
2024-07-23 01:59:43:5943 - [32minfo[39m: [32mServer na porta 3000[39m
2024-07-23 01:59:51:5951 - [35mhttp[39m: [35mPOST /v1/movie 422 - - 5.673 ms [39m
[35m[39m
2024-07-23 01:59:54:5954 - [32minfo[39m: [32mconectado ao bd[39m
2024-07-23 01:59:54:5954 - [32minfo[39m: [32mServer na porta 3000[39m
2024-07-23 02:00:43:043 - [32minfo[39m: [32mconectado ao bd[39m
2024-07-23 02:00:43:043 - [32minfo[39m: [32mServer na porta 3000[39m
2024-07-23 02:01:04:14 - [32minfo[39m: [32mconectado ao bd[39m
2024-07-23 02:01:04:14 - [32minfo[39m: [32mServer na porta 3000[39m
2024-07-23 02:01:17:117 - [32minfo[39m: [32mconectado ao bd[39m
2024-07-23 02:01:17:117 - [32minfo[39m: [32mServer na porta 3000[39m
2024-07-23 02:03:12:312 - [32minfo[39m: [32mconectado ao bd[39m
2024-07-23 02:03:12:312 - [32minfo[39m: [32mServer na porta 3000[39m
2024-07-23 02:03:50:350 - [32minfo[39m: [32mconectado ao bd[39m
2024-07-23 02:03:50:350 - [32minfo[39m: [32mServer na porta 3000[39m
2024-07-23 02:03:58:358 - [32minfo[39m: [32mconectado ao bd[39m
2024-07-23 02:03:58:358 - [32minfo[39m: [32mServer na porta 3000[39m
2024-07-23 02:04:21:421 - [35mhttp[39m: [35mPOST /v1/movie 422 - - 7.840 ms [39m
[35m[39m
2024-07-23 02:04:25:425 - [32minfo[39m: [32mconectado ao bd[39m
2024-07-23 02:04:25:425 - [32minfo[39m: [32mServer na porta 3000[39m
2024-07-23 02:04:42:442 - [32minfo[39m: [32mconectado ao bd[39m
2024-07-23 02:04:42:442 - [32minfo[39m: [32mServer na porta 3000[39m
2024-07-23 02:04:48:448 - [32minfo[39m: [32mconectado ao bd[39m
2024-07-23 02:04:48:448 - [32minfo[39m: [32mServer na porta 3000[39m
2024-07-23 02:04:59:459 - [32minfo[39m: [32mconectado ao bd[39m
2024-07-23 02:04:59:459 - [32minfo[39m: [32mServer na porta 3000[39m
2024-07-23 02:05:08:58 - [32minfo[39m: [32mconectado ao bd[39m
2024-07-23 02:05:08:58 - [32minfo[39m: [32mServer na porta 3000[39m
2024-07-23 02:05:22:522 - [35mhttp[39m: [35mPOST /v1/movie 422 - - 6.106 ms [39m
[35m[39m
2024-07-23 02:05:24:524 - [32minfo[39m: [32mconectado ao bd[39m
2024-07-23 02:05:24:524 - [32minfo[39m: [32mServer na porta 3000[39m
2024-07-23 02:05:29:529 - [35mhttp[39m: [35mPOST /v1/movie 422 - - 8.089 ms [39m
[35m[39m
2024-07-23 02:05:34:534 - [32minfo[39m: [32mconectado ao bd[39m
2024-07-23 02:05:34:534 - [32minfo[39m: [32mServer na porta 3000[39m
2024-07-23 02:05:54:554 - [35mhttp[39m: [35mPOST /v1/movie 422 - - 8.324 ms [39m
[35m[39m
2024-07-23 02:05:57:557 - [32minfo[39m: [32mconectado ao bd[39m
2024-07-23 02:05:57:557 - [32minfo[39m: [32mServer na porta 3000[39m
2024-07-23 02:06:05:65 - [32minfo[39m: [32mconectado ao bd[39m
2024-07-23 02:06:05:65 - [32minfo[39m: [32mServer na porta 3000[39m
2024-07-23 02:06:21:621 - [32minfo[39m: [32mconectado ao bd[39m
2024-07-23 02:06:21:621 - [32minfo[39m: [32mServer na porta 3000[39m
2024-07-23 02:07:29:729 - [35mhttp[39m: [35mPOST /v1/movie 422 - - 9.162 ms [39m
[35m[39m
2024-07-23 02:07:30:730 - [32minfo[39m: [32mconectado ao bd[39m
2024-07-23 02:07:30:730 - [32minfo[39m: [32mServer na porta 3000[39m
2024-07-23 02:07:58:758 - [32minfo[39m: [32mconectado ao bd[39m
2024-07-23 02:07:58:758 - [32minfo[39m: [32mServer na porta 3000[39m
2024-07-23 02:08:37:837 - [32minfo[39m: [32mconectado ao bd[39m
2024-07-23 02:08:37:837 - [32minfo[39m: [32mServer na porta 3000[39m
2024-07-23 02:15:50:1550 - [32minfo[39m: [32mconectado ao bd[39m
2024-07-23 02:15:50:1550 - [32minfo[39m: [32mServer na porta 3000[39m
2024-07-23 02:15:56:1556 - [32minfo[39m: [32mconectado ao bd[39m
2024-07-23 02:15:56:1556 - [32minfo[39m: [32mServer na porta 3000[39m
2024-07-23 02:16:28:1628 - [32minfo[39m: [32mconectado ao bd[39m
2024-07-23 02:16:28:1628 - [32minfo[39m: [32mServer na porta 3000[39m
2024-07-23 02:16:52:1652 - [32minfo[39m: [32mconectado ao bd[39m
2024-07-23 02:16:52:1652 - [32minfo[39m: [32mServer na porta 3000[39m
2024-07-23 02:17:03:173 - [32minfo[39m: [32mconectado ao bd[39m
2024-07-23 02:17:03:173 - [32minfo[39m: [32mServer na porta 3000[39m
2024-07-23 02:17:24:1724 - [31merror[39m: [31mErro: Cast to ObjectId failed for value "1" (type string) at path "_id" for model "Movie"[39m
2024-07-23 02:17:43:1743 - [35mhttp[39m: [35mGET /v1/movie/1 - - - - ms [39m
[35m[39m
2024-07-23 02:17:43:1743 - [35mhttp[39m: [35mGET /v1/movie/669f2f3158394cc7fbe92a2e 201 - - 24.096 ms [39m
[35m[39m
2024-07-23 02:19:39:1939 - [32minfo[39m: [32mconectado ao bd[39m
2024-07-23 02:19:39:1939 - [32minfo[39m: [32mServer na porta 3000[39m
2024-07-23 02:19:39:1939 - [35mhttp[39m: [35mGET /v1/movie/669f2f3158394cc7fbe92a2e 200 - - 1745.027 ms [39m
[35m[39m
